<?xml version="1.0" encoding="UTF-8"?>
<!-- Generated by org.testng.reporters.JUnitReportReporter -->
<testsuite hostname="admin_pc" failures="0" tests="1" name="Scripts.TestCase1" time="7.128" errors="0" timestamp="2023-05-22T13:23:05 IST" skipped="0">
  <testcase classname="Scripts.TestCase1" name="testA" time="7.128"/>
  <system-out>
    <![CDATA[Google
xl:sumitha]]>
  </system-out>
</testsuite> <!-- Scripts.TestCase1 -->
